<?xml version="1.0" encoding="UTF-8"?>
<!-- Generated by org.testng.reporters.JUnitXMLReporter -->
<testsuite ignored="0" hostname="LAPTOP-D2NT29JK" failures="0" tests="4" name="Test" time="19.079" errors="0" timestamp="2021-09-14T00:15:38 IST">
  <testcase classname="academy.ValidateNavigationBar" name="basePageNavigation" time="0.068"/>
  <testcase classname="academy.HomePage" name="basePageNavigation" time="2.444"/>
  <testcase classname="academy.HomePage" name="basePageNavigation" time="1.395"/>
  <testcase classname="academy.ValidateTitle" name="basePageNavigation" time="0.023"/>
</testsuite> <!-- Test -->
