<?xml version="1.0" encoding="UTF-8"?>
<testng-results ignored="0" total="4" passed="4" failed="0" skipped="0">
  <reporter-output>
  </reporter-output>
  <suite started-at="2021-09-14T00:15:19 IST" name="Suite" finished-at="2021-09-14T00:15:38 IST" duration-ms="19079">
    <groups>
    </groups>
    <test started-at="2021-09-14T00:15:19 IST" name="Test" finished-at="2021-09-14T00:15:38 IST" duration-ms="19079">
      <class name="academy.ValidateNavigationBar">
        <test-method is-config="true" signature="Initialize()[pri:0, instance:academy.ValidateNavigationBar@5ee2b6f9]" started-at="2021-09-14T00:15:21 IST" name="Initialize" finished-at="2021-09-14T00:15:22 IST" duration-ms="1634" status="PASS">
          <reporter-output>
          </reporter-output>
        </test-method> <!-- Initialize -->
        <test-method signature="basePageNavigation()[pri:0, instance:academy.ValidateNavigationBar@5ee2b6f9]" started-at="2021-09-14T00:15:26 IST" name="basePageNavigation" finished-at="2021-09-14T00:15:26 IST" duration-ms="68" status="PASS">
          <reporter-output>
          </reporter-output>
        </test-method> <!-- basePageNavigation -->
        <test-method is-config="true" signature="TearDown()[pri:0, instance:academy.ValidateNavigationBar@5ee2b6f9]" started-at="2021-09-14T00:15:30 IST" name="TearDown" finished-at="2021-09-14T00:15:34 IST" duration-ms="4130" status="PASS">
          <reporter-output>
          </reporter-output>
        </test-method> <!-- TearDown -->
      </class> <!-- academy.ValidateNavigationBar -->
      <class name="academy.HomePage">
        <test-method is-config="true" signature="Initialize()[pri:0, instance:academy.HomePage@4b9df8a]" started-at="2021-09-14T00:15:19 IST" name="Initialize" finished-at="2021-09-14T00:15:21 IST" duration-ms="1215" status="PASS">
          <reporter-output>
          </reporter-output>
        </test-method> <!-- Initialize -->
        <test-method signature="basePageNavigation(java.lang.String,java.lang.String)[pri:0, instance:academy.HomePage@4b9df8a]" started-at="2021-09-14T00:15:26 IST" name="basePageNavigation" data-provider="getData" finished-at="2021-09-14T00:15:29 IST" duration-ms="2444" status="PASS">
          <params>
            <param index="0">
              <value>
                <![CDATA[test.data@gmail.com]]>
              </value>
            </param>
            <param index="1">
              <value>
                <![CDATA[testdata]]>
              </value>
            </param>
          </params>
          <reporter-output>
          </reporter-output>
        </test-method> <!-- basePageNavigation -->
        <test-method signature="basePageNavigation(java.lang.String,java.lang.String)[pri:0, instance:academy.HomePage@4b9df8a]" started-at="2021-09-14T00:15:29 IST" name="basePageNavigation" data-provider="getData" finished-at="2021-09-14T00:15:30 IST" duration-ms="1395" status="PASS">
          <params>
            <param index="0">
              <value>
                <![CDATA[test@gmail.com]]>
              </value>
            </param>
            <param index="1">
              <value>
                <![CDATA[test]]>
              </value>
            </param>
          </params>
          <reporter-output>
          </reporter-output>
        </test-method> <!-- basePageNavigation -->
        <test-method is-config="true" signature="TearDown()[pri:0, instance:academy.HomePage@4b9df8a]" started-at="2021-09-14T00:15:30 IST" name="TearDown" finished-at="2021-09-14T00:15:30 IST" duration-ms="42" status="PASS">
          <reporter-output>
          </reporter-output>
        </test-method> <!-- TearDown -->
      </class> <!-- academy.HomePage -->
      <class name="academy.ValidateTitle">
        <test-method is-config="true" signature="Initialize()[pri:0, instance:academy.ValidateTitle@5e8ac0e1]" started-at="2021-09-14T00:15:22 IST" name="Initialize" finished-at="2021-09-14T00:15:26 IST" duration-ms="3800" status="PASS">
          <reporter-output>
          </reporter-output>
        </test-method> <!-- Initialize -->
        <test-method signature="basePageNavigation()[pri:0, instance:academy.ValidateTitle@5e8ac0e1]" started-at="2021-09-14T00:15:30 IST" name="basePageNavigation" finished-at="2021-09-14T00:15:30 IST" duration-ms="23" status="PASS">
          <reporter-output>
          </reporter-output>
        </test-method> <!-- basePageNavigation -->
        <test-method is-config="true" signature="TearDown()[pri:0, instance:academy.ValidateTitle@5e8ac0e1]" started-at="2021-09-14T00:15:34 IST" name="TearDown" finished-at="2021-09-14T00:15:38 IST" duration-ms="4166" status="PASS">
          <reporter-output>
          </reporter-output>
        </test-method> <!-- TearDown -->
      </class> <!-- academy.ValidateTitle -->
    </test> <!-- Test -->
  </suite> <!-- Suite -->
</testng-results>
