<?xml version="1.0" encoding="UTF-8"?>
<testng-results ignored="0" total="1" passed="1" failed="0" skipped="0">
  <reporter-output>
  </reporter-output>
  <suite started-at="2021-09-12T12:55:39 IST" name="Default suite" finished-at="2021-09-12T12:55:46 IST" duration-ms="7063">
    <groups>
    </groups>
    <test started-at="2021-09-12T12:55:39 IST" name="Default test" finished-at="2021-09-12T12:55:46 IST" duration-ms="7063">
      <class name="academy.HomePage">
        <test-method signature="basePageNavigation(java.lang.String,java.lang.String)[pri:0, instance:academy.HomePage@3059cbc]" started-at="2021-09-12T12:55:39 IST" name="basePageNavigation" data-provider="getData" finished-at="2021-09-12T12:55:46 IST" duration-ms="7021" status="PASS">
          <params>
            <param index="0">
              <value>
                <![CDATA[test.data@gmail.com]]>
              </value>
            </param>
            <param index="1">
              <value>
                <![CDATA[testdata]]>
              </value>
            </param>
          </params>
          <reporter-output>
          </reporter-output>
        </test-method> <!-- basePageNavigation -->
      </class> <!-- academy.HomePage -->
    </test> <!-- Default test -->
  </suite> <!-- Default suite -->
</testng-results>
