<?xml version="1.0" encoding="UTF-8"?>
<testng-results ignored="0" total="1" passed="1" failed="0" skipped="0">
  <reporter-output>
  </reporter-output>
  <suite started-at="2021-09-11T00:03:08 IST" name="Default suite" finished-at="2021-09-11T00:03:10 IST" duration-ms="2013">
    <groups>
    </groups>
    <test started-at="2021-09-11T00:03:08 IST" name="Default test" finished-at="2021-09-11T00:03:10 IST" duration-ms="2013">
      <class name="academy.HomePage">
        <test-method signature="basePageNavigation()[pri:0, instance:academy.HomePage@932bc4a]" started-at="2021-09-11T00:03:08 IST" name="basePageNavigation" finished-at="2021-09-11T00:03:10 IST" duration-ms="1988" status="PASS">
          <reporter-output>
          </reporter-output>
        </test-method> <!-- basePageNavigation -->
      </class> <!-- academy.HomePage -->
    </test> <!-- Default test -->
  </suite> <!-- Default suite -->
</testng-results>
